[2025-08-10 22:58:52] [Success] Long Path Scanner - SharePoint and Local File System Support
[2025-08-10 22:58:52] [Success] ============================================================
[2025-08-10 22:59:02] [Success] Long Path Scanner - SharePoint and Local File System Support
[2025-08-10 22:59:02] [Success] ============================================================
[2025-08-10 23:08:57] [Info] Script started at 2025-08-10 23:08:57
[2025-08-10 23:08:57] [Success] Long Path Scanner - SharePoint and Local File System Support
[2025-08-10 23:08:57] [Success] ============================================================
[2025-08-10 23:09:59] [Info] Target for scan: C:\Users\Timothy.MacLatchy\Journe Brands\Journe Finance - Documents\Accounts Payable
[2025-08-10 23:09:59] [Info] Office Compatibility Limit: 218 characters
[2025-08-10 23:09:59] [Info] SharePoint Online Limit: 400 characters
[2025-08-10 23:10:07] [Info] Report will be saved to: C:\Users\Timothy.MacLatchy\OneDrive - Journe Brands\Desktop\LongPathReport-AllFiles-20250810_2309.xlsx
[2025-08-10 23:10:07] [Info] Scanning local folder: C:\Users\Timothy.MacLatchy\Journe Brands\Journe Finance - Documents\Accounts Payable
[2025-08-10 23:10:07] [Info] Scanning local files...
[2025-08-10 23:10:11] [Info] Found 70291 files to analyze
[2025-08-10 23:10:11] [Success] Completed local scan. Found 3349 files with long paths
[2025-08-10 23:10:11] [Info] Generating Excel report...
[2025-08-10 23:10:12] [Info] Creating Summary worksheet...
[2025-08-10 23:10:12] [Info] Creating Office Problems worksheet with 3349 entries...
[2025-08-10 23:10:12] [Error] Failed to create Excel report: Cannot process argument transformation on parameter 'TableStyle'. Cannot convert value "Bad" to type "OfficeOpenXml.Table.TableStyles". Error: "Unable to match the identifier name Bad to a valid enumerator name. Specify one of the following enumerator names and try again:
None, Custom, Light1, Light2, Light3, Light4, Light5, Light6, Light7, Light8, Light9, Light10, Light11, Light12, Light13, Light14, Light15, Light16, Light17, Light18, Light19, Light20, Light21, Medium1, Medium2, Medium3, Medium4, Medium5, Medium6, Medium7, Medium8, Medium9, Medium10, Medium11, Medium12, Medium13, Medium14, Medium15, Medium16, Medium17, Medium18, Medium19, Medium20, Medium21, Medium22, Medium23, Medium24, Medium25, Medium26, Medium27, Medium28, Dark1, Dark2, Dark3, Dark4, Dark5, Dark6, Dark7, Dark8, Dark9, Dark10, Dark11"
[2025-08-10 23:10:12] [Error] Script execution failed: Cannot process argument transformation on parameter 'TableStyle'. Cannot convert value "Bad" to type "OfficeOpenXml.Table.TableStyles". Error: "Unable to match the identifier name Bad to a valid enumerator name. Specify one of the following enumerator names and try again:
None, Custom, Light1, Light2, Light3, Light4, Light5, Light6, Light7, Light8, Light9, Light10, Light11, Light12, Light13, Light14, Light15, Light16, Light17, Light18, Light19, Light20, Light21, Medium1, Medium2, Medium3, Medium4, Medium5, Medium6, Medium7, Medium8, Medium9, Medium10, Medium11, Medium12, Medium13, Medium14, Medium15, Medium16, Medium17, Medium18, Medium19, Medium20, Medium21, Medium22, Medium23, Medium24, Medium25, Medium26, Medium27, Medium28, Dark1, Dark2, Dark3, Dark4, Dark5, Dark6, Dark7, Dark8, Dark9, Dark10, Dark11"
[2025-08-10 23:10:12] [Debug] Stack Trace: at Export-ToExcel, C:\Users\Timothy.MacLatchy\OneDrive - Journe Brands\Documents\GitHubRepos\Powershell-scripts\fix400.ps1: line 766
at Main, C:\Users\Timothy.MacLatchy\OneDrive - Journe Brands\Documents\GitHubRepos\Powershell-scripts\fix400.ps1: line 891
at <ScriptBlock>, C:\Users\Timothy.MacLatchy\OneDrive - Journe Brands\Documents\GitHubRepos\Powershell-scripts\fix400.ps1: line 914
at <ScriptBlock>, <No file>: line 1
[2025-08-10 23:17:12] [Info] Script started at 2025-08-10 23:17:12
[2025-08-10 23:17:12] [Success] Long Path Scanner - SharePoint and Local File System Support
[2025-08-10 23:17:12] [Success] ============================================================
[2025-08-10 23:17:43] [Info] Target for scan: C:\Users\Timothy.MacLatchy\Journe Brands\Journe Finance - Documents\Accounts Payable
[2025-08-10 23:17:43] [Info] Office Compatibility Limit: 218 characters
[2025-08-10 23:17:43] [Info] SharePoint Online Limit: 400 characters
[2025-08-10 23:17:46] [Info] Report will be saved to: C:\Users\Timothy.MacLatchy\OneDrive - Journe Brands\Desktop\LongPathReport-AllFiles-20250810_2317.xlsx
[2025-08-10 23:17:46] [Info] Scanning local folder: C:\Users\Timothy.MacLatchy\Journe Brands\Journe Finance - Documents\Accounts Payable
[2025-08-10 23:17:46] [Info] Scanning local files...
[2025-08-10 23:17:49] [Info] Found 70291 files to analyze
[2025-08-10 23:17:50] [Success] Completed local scan. Found 3349 files with long paths
[2025-08-10 23:17:50] [Info] Generating Excel report...
[2025-08-10 23:17:50] [Info] Creating Summary worksheet...
[2025-08-10 23:17:51] [Info] Creating Office Problems worksheet with 3349 entries...
[2025-08-10 23:17:51] [Info] Creating All Problems worksheet with 3349 entries...
[2025-08-10 23:17:52] [Success] Excel report created successfully: C:\Users\Timothy.MacLatchy\OneDrive - Journe Brands\Desktop\LongPathReport-AllFiles-20250810_2317.xlsx
[2025-08-10 23:17:52] [Success] Report completed successfully: C:\Users\Timothy.MacLatchy\OneDrive - Journe Brands\Desktop\LongPathReport-AllFiles-20250810_2317.xlsx
[2025-08-10 23:17:52] [Info] Opening report...
